.android/plugins_build_output/flutter_secure_storage/intermediates/manifest_merge_blame_file/debug/manifest-merger-blame-debug-report.txt
1<?xml version="1.0" encoding="utf-8"?>
2<manifest xmlns:android="http://schemas.android.com/apk/res/android"
3    xmlns:tools="http://schemas.android.com/tools"
4    package="com.it_nomads.fluttersecurestorage" >
5
6    <uses-sdk
6-->src\main\AndroidManifest.xml:5:5-58
7        android:minSdkVersion="18"
7-->src\main\AndroidManifest.xml:5:5-58
8        android:targetSdkVersion="32"
8-->src\main\AndroidManifest.xml:5:5-58
9        tools:overrideLibrary="androidx.security" />
9-->src\main\AndroidManifest.xml:5:15-56
10
11</manifest>